2026-02-19 13:00:10,154 - Buscando en portales para: Data Engineer
2026-02-19 13:00:11,425 - Analizando: Data Engineer en Plan A Technologies
2026-02-19 13:00:11,426 - Analizando: Data Engineer en Mallplaza
2026-02-19 13:00:11,426 - Analizando: Data Engineer Intern en Xepelin
2026-02-19 13:00:11,427 - Analizando: Ingeniero de Datos Junior en Technology Solutions
2026-02-19 13:00:11,427 - Analizando: Data Engineer en BC Tecnología
2026-02-19 13:00:11,428 - Analizando: Analista de Datos / Business Intelligence Analyst / Desarrollador Big Data en Deloitte
2026-02-19 13:00:11,428 - Analizando: Data Engineer en Scotiabank
2026-02-19 13:00:11,429 - Analizando: Ingeniero de Datos en BICE VIDA
2026-02-19 13:00:11,430 - Analizando: Ingeniero de Datos Jr en Gauss Control
2026-02-19 13:00:11,430 - Analizando: Junior Software Engineer (Chile) en Sezzle
2026-02-19 13:00:11,431 - Buscando en portales para: Software Engineer
2026-02-19 13:00:12,588 - Analizando: Web Developer CL (Remote) en Core Code io
2026-02-19 13:00:12,589 - Analizando: Back End Developer CL (Remote) en Core Code io
2026-02-19 13:00:12,589 - Analizando: Senior Software Engineer Backend en Mercado Libre
2026-02-19 13:00:12,590 - Analizando: Ingeniero/a de Innovación Digital (Recién Egresado) en COPEC S.A.
2026-02-19 13:00:12,590 - Analizando: Full Stack Engineer en Mercado Libre
2026-02-19 13:00:12,591 - Analizando: Software Engineer Trainee - Java en Whitestack
2026-02-19 13:00:12,591 - Analizando: Desarrollador Junior en SERQ
2026-02-19 13:00:12,591 - Analizando: Desarrollador Junior en AVOS Tech | Chile
2026-02-19 13:00:12,592 - Analizando: Junior Software Engineer (Chile) en Sezzle
2026-02-19 13:00:12,592 - Analizando: Programador en CRAMER
2026-02-19 13:13:07,827 - INFO - Iniciando búsqueda para: ['Data Engineer', 'Software Developer']
2026-02-19 14:03:16,254 - INFO - --- MODO PRUEBA ACTIVADO ---
2026-02-19 14:03:16,257 - INFO - 🔍 ANALIZANDO: Senior Data Engineer
2026-02-19 14:03:16,257 - INFO - ✅ Score Final: 80.0 | Desglose: ['Skills (2): +20.0', 'Ben (2): +10.0', 'Renta OK: +50.0']
2026-02-19 14:03:16,258 - INFO - 🔍 ANALIZANDO: Fullstack Dev
2026-02-19 14:03:16,258 - INFO - ✅ Score Final: 70.0 | Desglose: ['Skills (2): +20.0', 'Ben (0): +0.0', 'Renta OK: +50.0']
2026-02-19 14:03:16,258 - INFO - 🔍 ANALIZANDO: Backend Developer
2026-02-19 14:03:16,259 - INFO - ✅ Score Final: 20.0 | Desglose: ['Skills (2): +20.0', 'Ben (0): +0.0']
