2026-02-04 14:51:14,767 - INFO - Iniciando ciclo para 3 cargos.
2026-02-04 14:51:14,768 - INFO - --- BUSCANDO EN PORTALES: Software Engineer ---
2026-02-04 14:51:15,993 - INFO - Procesando: Software Engineer II | Empresa: Tessera Data
2026-02-04 14:51:15,995 - INFO -    Resultados: Tech(0) | Renta: No informada | Score Final: 0
2026-02-04 14:51:15,996 - INFO - Procesando: Full Stack Engineer | Empresa: Mercado Libre
2026-02-04 14:51:15,996 - INFO -    Resultados: Tech(0) | Renta: No informada | Score Final: 0
2026-02-04 14:51:15,997 - INFO - Procesando: Desarrollador Junior | Empresa: SERQ
2026-02-04 14:51:15,998 - INFO -    Resultados: Tech(0) | Renta: No informada | Score Final: 0
2026-02-04 14:51:15,999 - INFO - Procesando: Desarrollador Front-End Junior | Empresa: Bruno Fritsch
2026-02-04 14:51:15,999 - INFO -    Resultados: Tech(0) | Renta: No informada | Score Final: 0
2026-02-04 14:51:16,000 - INFO - Procesando: Desarrollador Junior | Empresa: AVOS Tech | Chile
2026-02-04 14:51:16,000 - INFO -    Resultados: Tech(0) | Renta: No informada | Score Final: 0
2026-02-04 14:51:16,001 - INFO - --- BUSCANDO EN PORTALES: Integration Engineer ---
2026-02-04 14:51:17,670 - INFO - Procesando: Ingeniero/a de Innovación Digital - Recién Egresado | Empresa: COPEC S.A.
2026-02-04 14:51:17,671 - INFO -    Resultados: Tech(0) | Renta: No informada | Score Final: 0
2026-02-04 14:51:17,671 - INFO - Procesando: Puestos vacantes: Programadora(or) (19843) | Empresa: Grupo Antofagasta Minerals
2026-02-04 14:51:17,672 - INFO -    Resultados: Tech(0) | Renta: No informada | Score Final: 0
2026-02-04 14:51:17,672 - INFO - Procesando: Software Engineer II | Empresa: Tessera Data
2026-02-04 14:51:17,673 - INFO -    Resultados: Tech(0) | Renta: No informada | Score Final: 0
2026-02-04 14:51:17,673 - INFO - Procesando: Desarrollador Junior | Empresa: SERQ
2026-02-04 14:51:17,674 - INFO -    Resultados: Tech(0) | Renta: No informada | Score Final: 0
2026-02-04 14:51:17,674 - INFO - Procesando: Cloud Integration Engineer | Empresa: Whitestack
2026-02-04 14:51:17,675 - INFO -    Resultados: Tech(0) | Renta: No informada | Score Final: 0
2026-02-04 14:51:17,676 - INFO - --- BUSCANDO EN PORTALES: Data Engineer ---
2026-02-04 14:51:18,970 - INFO - Procesando: Puestos vacantes: Científica(o) de Datos (19819) | Empresa: Grupo Antofagasta Minerals
2026-02-04 14:51:18,970 - INFO -    Resultados: Tech(0) | Renta: No informada | Score Final: 0
2026-02-04 14:51:18,971 - INFO - Procesando: Data Engineer (Barcelona, España) | Empresa: Capitole
2026-02-04 14:51:18,972 - INFO -    Resultados: Tech(0) | Renta: No informada | Score Final: 0
2026-02-04 14:51:18,973 - INFO - Procesando: Software Engineer II | Empresa: Tessera Data
2026-02-04 14:51:18,973 - INFO -    Resultados: Tech(0) | Renta: No informada | Score Final: 0
2026-02-04 14:51:18,974 - INFO - Procesando: Data Engineer | Empresa: Scotiabank
2026-02-04 14:51:18,974 - INFO -    Resultados: Tech(0) | Renta: No informada | Score Final: 0
2026-02-04 14:51:18,975 - INFO - Procesando: Data Engineer | Empresa: Tessera Data
2026-02-04 14:51:18,975 - INFO -    Resultados: Tech(0) | Renta: No informada | Score Final: 0
2026-02-04 15:36:30,389 - INFO - Iniciando ciclo para 3 cargos.
2026-02-04 15:36:30,406 - INFO - --- BUSCANDO EN PORTALES: Software Engineer ---
2026-02-04 15:36:32,656 - INFO - Procesando: Software Engineer II | Empresa: Tessera Data
2026-02-04 15:36:32,658 - INFO -    Resultados: Tech(0) | Renta: No informada | Score Final: 0
2026-02-04 15:36:32,659 - INFO - Procesando: Full Stack Engineer | Empresa: Mercado Libre
2026-02-04 15:36:32,659 - INFO -    Resultados: Tech(0) | Renta: No informada | Score Final: 0
2026-02-04 15:36:32,660 - INFO - Procesando: Desarrollador Junior | Empresa: SERQ
2026-02-04 15:36:32,660 - INFO -    Resultados: Tech(0) | Renta: No informada | Score Final: 0
2026-02-04 15:36:32,661 - INFO - Procesando: Desarrollador Front-End Junior | Empresa: Bruno Fritsch
2026-02-04 15:36:32,661 - INFO -    Resultados: Tech(0) | Renta: No informada | Score Final: 0
2026-02-04 15:36:32,662 - INFO - Procesando: Desarrollador Junior | Empresa: AVOS Tech | Chile
2026-02-04 15:36:32,662 - INFO -    Resultados: Tech(0) | Renta: No informada | Score Final: 0
2026-02-04 15:36:32,663 - INFO - --- BUSCANDO EN PORTALES: Integration Engineer ---
2026-02-04 15:36:34,117 - INFO - Procesando: Ingeniero/a de Innovación Digital - Recién Egresado | Empresa: COPEC S.A.
2026-02-04 15:36:34,118 - INFO -    Resultados: Tech(0) | Renta: No informada | Score Final: 0
2026-02-04 15:36:34,118 - INFO - Procesando: Puestos vacantes: Programadora(or) (19843) | Empresa: Grupo Antofagasta Minerals
2026-02-04 15:36:34,119 - INFO -    Resultados: Tech(0) | Renta: No informada | Score Final: 0
2026-02-04 15:36:34,120 - INFO - Procesando: Software Engineer II | Empresa: Tessera Data
2026-02-04 15:36:34,120 - INFO -    Resultados: Tech(0) | Renta: No informada | Score Final: 0
2026-02-04 15:36:34,121 - INFO - Procesando: Desarrollador Junior | Empresa: SERQ
2026-02-04 15:36:34,121 - INFO -    Resultados: Tech(0) | Renta: No informada | Score Final: 0
2026-02-04 15:36:34,122 - INFO - Procesando: Cloud Integration Engineer | Empresa: Whitestack
2026-02-04 15:36:34,123 - INFO -    Resultados: Tech(0) | Renta: No informada | Score Final: 0
2026-02-04 15:36:34,124 - INFO - --- BUSCANDO EN PORTALES: Data Engineer ---
2026-02-04 15:36:35,684 - INFO - Procesando: Data Engineer (Barcelona, España) | Empresa: Capitole
2026-02-04 15:36:35,684 - INFO -    Resultados: Tech(0) | Renta: No informada | Score Final: 0
2026-02-04 15:36:35,685 - INFO - Procesando: Puestos vacantes: Científica(o) de Datos (19819) | Empresa: Grupo Antofagasta Minerals
2026-02-04 15:36:35,686 - INFO -    Resultados: Tech(0) | Renta: No informada | Score Final: 0
2026-02-04 15:36:35,687 - INFO - Procesando: Software Engineer II | Empresa: Tessera Data
2026-02-04 15:36:35,688 - INFO -    Resultados: Tech(0) | Renta: No informada | Score Final: 0
2026-02-04 15:36:35,688 - INFO - Procesando: Data Engineer | Empresa: Scotiabank
2026-02-04 15:36:35,689 - INFO -    Resultados: Tech(0) | Renta: No informada | Score Final: 0
2026-02-04 15:36:35,690 - INFO - Procesando: Data Engineer | Empresa: Tessera Data
2026-02-04 15:36:35,691 - INFO -    Resultados: Tech(0) | Renta: No informada | Score Final: 0
2026-02-16 14:36:16,174 - INFO - Iniciando ciclo para 3 cargos.
2026-02-16 14:36:16,175 - INFO - --- BUSCANDO EN PORTALES: Software Engineer ---
2026-02-16 14:36:17,524 - INFO - Procesando: Web Developer CL (Remote) | Empresa: Core Code io
2026-02-16 14:36:17,526 - INFO -    Resultados: Tech(0) | Renta: No informada | Score Final: 0
2026-02-16 14:36:17,526 - INFO - Procesando: Back End Developer CL (Remote) | Empresa: Core Code io
2026-02-16 14:36:17,527 - INFO -    Resultados: Tech(0) | Renta: No informada | Score Final: 0
2026-02-16 14:36:17,527 - INFO - Procesando: Junior Software Engineer (Chile) | Empresa: Sezzle
2026-02-16 14:36:17,527 - INFO -    Resultados: Tech(0) | Renta: No informada | Score Final: 0
2026-02-16 14:36:17,528 - INFO - Procesando: Software Engineer Trainee - Java | Empresa: Whitestack
2026-02-16 14:36:17,528 - INFO -    Resultados: Tech(1) | Renta: No informada | Score Final: 0
2026-02-16 14:36:17,529 - INFO - Procesando: Desarrollador Front-End Junior | Empresa: Bruno Fritsch
2026-02-16 14:36:17,529 - INFO -    Resultados: Tech(0) | Renta: No informada | Score Final: 0
2026-02-16 14:36:17,530 - INFO - --- BUSCANDO EN PORTALES: Integration Engineer ---
2026-02-16 14:36:18,846 - INFO - Procesando: Ingeniero/a de Innovación Digital (Recién Egresado) | Empresa: COPEC S.A.
2026-02-16 14:36:18,847 - INFO -    Resultados: Tech(0) | Renta: No informada | Score Final: 0
2026-02-16 14:36:18,847 - INFO - Procesando: Ingeniero/a de Desarrollo Digital | Empresa: COPEC S.A.
2026-02-16 14:36:18,848 - INFO -    Resultados: Tech(0) | Renta: No informada | Score Final: 0
2026-02-16 14:36:18,848 - INFO - Procesando: Cloud Integration Engineer | Empresa: Whitestack
2026-02-16 14:36:18,849 - INFO -    Resultados: Tech(0) | Renta: No informada | Score Final: 0
2026-02-16 14:36:18,850 - INFO - Procesando: Project Engineer | Empresa: Fluence
2026-02-16 14:36:18,850 - INFO -    Resultados: Tech(0) | Renta: No informada | Score Final: 0
2026-02-16 14:36:18,851 - INFO - Procesando: Project Engineer | Empresa: Fluence
2026-02-16 14:36:18,851 - INFO -    Resultados: Tech(0) | Renta: No informada | Score Final: 0
2026-02-16 14:36:18,852 - INFO - --- BUSCANDO EN PORTALES: Data Engineer ---
2026-02-16 14:36:20,252 - INFO - Procesando: SR Data Engineer Data Platform team | Empresa: Tessera Data
2026-02-16 14:36:20,253 - INFO -    Resultados: Tech(0) | Renta: No informada | Score Final: 0
2026-02-16 14:36:20,253 - INFO - Procesando: Data Engineer | Empresa: Mallplaza
2026-02-16 14:36:20,254 - INFO -    Resultados: Tech(0) | Renta: No informada | Score Final: 0
2026-02-16 14:36:20,254 - INFO - Procesando: Ingeniero de Datos Junior | Empresa: Technology Solutions
2026-02-16 14:36:20,254 - INFO -    Resultados: Tech(0) | Renta: No informada | Score Final: 0
2026-02-16 14:36:20,255 - INFO - Procesando: Junior Software Engineer (Chile) | Empresa: Sezzle
2026-02-16 14:36:20,255 - INFO -    Resultados: Tech(0) | Renta: No informada | Score Final: 0
2026-02-16 14:36:20,256 - INFO - Procesando: Data Engineer | Empresa: Scotiabank
2026-02-16 14:36:20,256 - INFO -    Resultados: Tech(0) | Renta: No informada | Score Final: 0
2026-02-16 14:42:52,371 - INFO - Buscando 'Software Engineer' en LinkedIn, Indeed, Glassdoor y Google...
2026-02-16 14:42:54,686 - INFO - Error buscando Software Engineer: 'site_name'
2026-02-16 14:42:54,687 - INFO - Buscando 'Integration Engineer' en LinkedIn, Indeed, Glassdoor y Google...
2026-02-16 14:42:56,355 - INFO - Error buscando Integration Engineer: 'site_name'
2026-02-16 14:42:56,356 - INFO - Buscando 'Data Engineer' en LinkedIn, Indeed, Glassdoor y Google...
2026-02-16 14:42:58,158 - INFO - Error buscando Data Engineer: 'site_name'
2026-02-16 14:43:47,645 - INFO - Iniciando búsqueda para: Software Engineer
2026-02-16 14:43:49,237 - INFO - Encontrados 7 resultados brutos para Software Engineer
2026-02-16 14:43:49,239 - INFO - Iniciando búsqueda para: Integration Engineer
2026-02-16 14:43:50,725 - INFO - Encontrados 7 resultados brutos para Integration Engineer
2026-02-16 14:43:50,728 - INFO - Iniciando búsqueda para: Data Engineer
2026-02-16 14:43:52,384 - INFO - Encontrados 7 resultados brutos para Data Engineer
